::1 - Fri May 10 2019 17:08:28 GMT+0530 (IST) - GET / HTTP/1.1 200 682 - 30 - Mozilla/5.0 (Macintosh; Intel Mac OS X 10_14_4) AppleWebKit/537.36 (KHTML, like Gecko) Chrome/74.0.3729.131 Safari/537.36
::1 - Fri May 10 2019 17:08:28 GMT+0530 (IST) - GET /stylesheets/style.css HTTP/1.1 200 111 - 13 http://localhost:3000/ Mozilla/5.0 (Macintosh; Intel Mac OS X 10_14_4) AppleWebKit/537.36 (KHTML, like Gecko) Chrome/74.0.3729.131 Safari/537.36
::1 - Fri May 10 2019 17:08:28 GMT+0530 (IST) - GET /javascripts/html5shiv.min.js HTTP/1.1 200 - - 15 http://localhost:3000/ Mozilla/5.0 (Macintosh; Intel Mac OS X 10_14_4) AppleWebKit/537.36 (KHTML, like Gecko) Chrome/74.0.3729.131 Safari/537.36
::1 - Fri May 10 2019 17:08:28 GMT+0530 (IST) - GET /javascripts/html5shiv-printshiv.min.js HTTP/1.1 200 - - 17 http://localhost:3000/ Mozilla/5.0 (Macintosh; Intel Mac OS X 10_14_4) AppleWebKit/537.36 (KHTML, like Gecko) Chrome/74.0.3729.131 Safari/537.36
::1 - Fri May 10 2019 17:08:28 GMT+0530 (IST) - GET /javascripts/respond.min.js HTTP/1.1 200 - - 7 http://localhost:3000/ Mozilla/5.0 (Macintosh; Intel Mac OS X 10_14_4) AppleWebKit/537.36 (KHTML, like Gecko) Chrome/74.0.3729.131 Safari/537.36
::1 - Fri May 10 2019 17:08:28 GMT+0530 (IST) - GET /javascripts/respond.matchmedia.addListener.min.js HTTP/1.1 200 - - 3 http://localhost:3000/ Mozilla/5.0 (Macintosh; Intel Mac OS X 10_14_4) AppleWebKit/537.36 (KHTML, like Gecko) Chrome/74.0.3729.131 Safari/537.36
::1 - Fri May 10 2019 17:08:28 GMT+0530 (IST) - GET /ficon.ico HTTP/1.1 200 - - 2 http://localhost:3000/ Mozilla/5.0 (Macintosh; Intel Mac OS X 10_14_4) AppleWebKit/537.36 (KHTML, like Gecko) Chrome/74.0.3729.131 Safari/537.36
::1 - Fri May 10 2019 17:10:53 GMT+0530 (IST) - GET / HTTP/1.1 404 35 - 8 - Mozilla/5.0 (Macintosh; Intel Mac OS X 10_14_4) AppleWebKit/537.36 (KHTML, like Gecko) Chrome/74.0.3729.131 Safari/537.36
::1 - Fri May 10 2019 17:10:53 GMT+0530 (IST) - GET /favicon.ico HTTP/1.1 200 - - 6 http://localhost:3000/ Mozilla/5.0 (Macintosh; Intel Mac OS X 10_14_4) AppleWebKit/537.36 (KHTML, like Gecko) Chrome/74.0.3729.131 Safari/537.36
::1 - Fri May 10 2019 17:12:16 GMT+0530 (IST) - GET / HTTP/1.1 200 682 - 32 - Mozilla/5.0 (Macintosh; Intel Mac OS X 10_14_4) AppleWebKit/537.36 (KHTML, like Gecko) Chrome/74.0.3729.131 Safari/537.36
::1 - Fri May 10 2019 17:12:16 GMT+0530 (IST) - GET /stylesheets/style.css HTTP/1.1 304 - - 6 http://localhost:3000/ Mozilla/5.0 (Macintosh; Intel Mac OS X 10_14_4) AppleWebKit/537.36 (KHTML, like Gecko) Chrome/74.0.3729.131 Safari/537.36
::1 - Fri May 10 2019 17:12:16 GMT+0530 (IST) - GET /javascripts/html5shiv.min.js HTTP/1.1 304 - - 6 http://localhost:3000/ Mozilla/5.0 (Macintosh; Intel Mac OS X 10_14_4) AppleWebKit/537.36 (KHTML, like Gecko) Chrome/74.0.3729.131 Safari/537.36
::1 - Fri May 10 2019 17:12:16 GMT+0530 (IST) - GET /javascripts/html5shiv-printshiv.min.js HTTP/1.1 304 - - 2 http://localhost:3000/ Mozilla/5.0 (Macintosh; Intel Mac OS X 10_14_4) AppleWebKit/537.36 (KHTML, like Gecko) Chrome/74.0.3729.131 Safari/537.36
::1 - Fri May 10 2019 17:12:16 GMT+0530 (IST) - GET /javascripts/respond.min.js HTTP/1.1 304 - - 3 http://localhost:3000/ Mozilla/5.0 (Macintosh; Intel Mac OS X 10_14_4) AppleWebKit/537.36 (KHTML, like Gecko) Chrome/74.0.3729.131 Safari/537.36
::1 - Fri May 10 2019 17:12:16 GMT+0530 (IST) - GET /javascripts/respond.matchmedia.addListener.min.js HTTP/1.1 304 - - 4 http://localhost:3000/ Mozilla/5.0 (Macintosh; Intel Mac OS X 10_14_4) AppleWebKit/537.36 (KHTML, like Gecko) Chrome/74.0.3729.131 Safari/537.36
::1 - Fri May 10 2019 17:12:16 GMT+0530 (IST) - GET /ficon.ico HTTP/1.1 304 - - 2 http://localhost:3000/ Mozilla/5.0 (Macintosh; Intel Mac OS X 10_14_4) AppleWebKit/537.36 (KHTML, like Gecko) Chrome/74.0.3729.131 Safari/537.36
::1 - Fri May 10 2019 17:12:23 GMT+0530 (IST) - GET /ja HTTP/1.1 404 35 - 4 - Mozilla/5.0 (Macintosh; Intel Mac OS X 10_14_4) AppleWebKit/537.36 (KHTML, like Gecko) Chrome/74.0.3729.131 Safari/537.36
::1 - Fri May 10 2019 17:12:34 GMT+0530 (IST) - GET / HTTP/1.1 304 - - 8 - Mozilla/5.0 (Macintosh; Intel Mac OS X 10_14_4) AppleWebKit/537.36 (KHTML, like Gecko) Chrome/74.0.3729.131 Safari/537.36
::1 - Fri May 10 2019 17:12:35 GMT+0530 (IST) - GET /stylesheets/style.css HTTP/1.1 304 - - 3 http://localhost:3000/ Mozilla/5.0 (Macintosh; Intel Mac OS X 10_14_4) AppleWebKit/537.36 (KHTML, like Gecko) Chrome/74.0.3729.131 Safari/537.36
::1 - Fri May 10 2019 17:12:35 GMT+0530 (IST) - GET /javascripts/html5shiv.min.js HTTP/1.1 304 - - 2 http://localhost:3000/ Mozilla/5.0 (Macintosh; Intel Mac OS X 10_14_4) AppleWebKit/537.36 (KHTML, like Gecko) Chrome/74.0.3729.131 Safari/537.36
::1 - Fri May 10 2019 17:12:35 GMT+0530 (IST) - GET /javascripts/html5shiv-printshiv.min.js HTTP/1.1 304 - - 2 http://localhost:3000/ Mozilla/5.0 (Macintosh; Intel Mac OS X 10_14_4) AppleWebKit/537.36 (KHTML, like Gecko) Chrome/74.0.3729.131 Safari/537.36
::1 - Fri May 10 2019 17:12:35 GMT+0530 (IST) - GET /javascripts/respond.min.js HTTP/1.1 304 - - 3 http://localhost:3000/ Mozilla/5.0 (Macintosh; Intel Mac OS X 10_14_4) AppleWebKit/537.36 (KHTML, like Gecko) Chrome/74.0.3729.131 Safari/537.36
::1 - Fri May 10 2019 17:12:35 GMT+0530 (IST) - GET /javascripts/respond.matchmedia.addListener.min.js HTTP/1.1 304 - - 5 http://localhost:3000/ Mozilla/5.0 (Macintosh; Intel Mac OS X 10_14_4) AppleWebKit/537.36 (KHTML, like Gecko) Chrome/74.0.3729.131 Safari/537.36
::1 - Fri May 10 2019 17:17:25 GMT+0530 (IST) - GET / HTTP/1.1 304 - - 30 - Mozilla/5.0 (Macintosh; Intel Mac OS X 10_14_4) AppleWebKit/537.36 (KHTML, like Gecko) Chrome/74.0.3729.131 Safari/537.36
::1 - Fri May 10 2019 17:17:25 GMT+0530 (IST) - GET /stylesheets/style.css HTTP/1.1 304 - - 6 http://localhost:3000/ Mozilla/5.0 (Macintosh; Intel Mac OS X 10_14_4) AppleWebKit/537.36 (KHTML, like Gecko) Chrome/74.0.3729.131 Safari/537.36
::1 - Fri May 10 2019 17:17:25 GMT+0530 (IST) - GET /javascripts/html5shiv.min.js HTTP/1.1 304 - - 5 http://localhost:3000/ Mozilla/5.0 (Macintosh; Intel Mac OS X 10_14_4) AppleWebKit/537.36 (KHTML, like Gecko) Chrome/74.0.3729.131 Safari/537.36
::1 - Fri May 10 2019 17:17:25 GMT+0530 (IST) - GET /javascripts/html5shiv-printshiv.min.js HTTP/1.1 304 - - 2 http://localhost:3000/ Mozilla/5.0 (Macintosh; Intel Mac OS X 10_14_4) AppleWebKit/537.36 (KHTML, like Gecko) Chrome/74.0.3729.131 Safari/537.36
::1 - Fri May 10 2019 17:17:25 GMT+0530 (IST) - GET /javascripts/respond.min.js HTTP/1.1 304 - - 2 http://localhost:3000/ Mozilla/5.0 (Macintosh; Intel Mac OS X 10_14_4) AppleWebKit/537.36 (KHTML, like Gecko) Chrome/74.0.3729.131 Safari/537.36
::1 - Fri May 10 2019 17:17:25 GMT+0530 (IST) - GET /javascripts/respond.matchmedia.addListener.min.js HTTP/1.1 304 - - 4 http://localhost:3000/ Mozilla/5.0 (Macintosh; Intel Mac OS X 10_14_4) AppleWebKit/537.36 (KHTML, like Gecko) Chrome/74.0.3729.131 Safari/537.36
::1 - Fri May 10 2019 17:17:34 GMT+0530 (IST) - GET /ajnjv HTTP/1.1 404 - - 35 - Mozilla/5.0 (Macintosh; Intel Mac OS X 10_14_4) AppleWebKit/537.36 (KHTML, like Gecko) Chrome/74.0.3729.131 Safari/537.36
::1 - Fri May 10 2019 17:17:34 GMT+0530 (IST) - GET /stylesheets/style.css HTTP/1.1 304 - - 5 http://localhost:3000/ajnjv Mozilla/5.0 (Macintosh; Intel Mac OS X 10_14_4) AppleWebKit/537.36 (KHTML, like Gecko) Chrome/74.0.3729.131 Safari/537.36
::1 - Fri May 10 2019 17:17:34 GMT+0530 (IST) - GET /javascripts/html5shiv.min.js HTTP/1.1 304 - - 4 http://localhost:3000/ajnjv Mozilla/5.0 (Macintosh; Intel Mac OS X 10_14_4) AppleWebKit/537.36 (KHTML, like Gecko) Chrome/74.0.3729.131 Safari/537.36
::1 - Fri May 10 2019 17:17:34 GMT+0530 (IST) - GET /javascripts/html5shiv-printshiv.min.js HTTP/1.1 304 - - 3 http://localhost:3000/ajnjv Mozilla/5.0 (Macintosh; Intel Mac OS X 10_14_4) AppleWebKit/537.36 (KHTML, like Gecko) Chrome/74.0.3729.131 Safari/537.36
::1 - Fri May 10 2019 17:17:34 GMT+0530 (IST) - GET /javascripts/respond.min.js HTTP/1.1 304 - - 4 http://localhost:3000/ajnjv Mozilla/5.0 (Macintosh; Intel Mac OS X 10_14_4) AppleWebKit/537.36 (KHTML, like Gecko) Chrome/74.0.3729.131 Safari/537.36
::1 - Fri May 10 2019 17:17:34 GMT+0530 (IST) - GET /javascripts/respond.matchmedia.addListener.min.js HTTP/1.1 304 - - 2 http://localhost:3000/ajnjv Mozilla/5.0 (Macintosh; Intel Mac OS X 10_14_4) AppleWebKit/537.36 (KHTML, like Gecko) Chrome/74.0.3729.131 Safari/537.36
::1 - Fri May 10 2019 17:19:48 GMT+0530 (IST) - GET / HTTP/1.1 304 - - 32 - Mozilla/5.0 (Macintosh; Intel Mac OS X 10_14_4) AppleWebKit/537.36 (KHTML, like Gecko) Chrome/74.0.3729.131 Safari/537.36
::1 - Fri May 10 2019 17:19:48 GMT+0530 (IST) - GET /stylesheets/style.css HTTP/1.1 304 - - 6 http://localhost:3000/ Mozilla/5.0 (Macintosh; Intel Mac OS X 10_14_4) AppleWebKit/537.36 (KHTML, like Gecko) Chrome/74.0.3729.131 Safari/537.36
::1 - Fri May 10 2019 17:19:48 GMT+0530 (IST) - GET /javascripts/html5shiv.min.js HTTP/1.1 304 - - 6 http://localhost:3000/ Mozilla/5.0 (Macintosh; Intel Mac OS X 10_14_4) AppleWebKit/537.36 (KHTML, like Gecko) Chrome/74.0.3729.131 Safari/537.36
::1 - Fri May 10 2019 17:19:48 GMT+0530 (IST) - GET /javascripts/html5shiv-printshiv.min.js HTTP/1.1 304 - - 1 http://localhost:3000/ Mozilla/5.0 (Macintosh; Intel Mac OS X 10_14_4) AppleWebKit/537.36 (KHTML, like Gecko) Chrome/74.0.3729.131 Safari/537.36
::1 - Fri May 10 2019 17:19:48 GMT+0530 (IST) - GET /javascripts/respond.min.js HTTP/1.1 304 - - 2 http://localhost:3000/ Mozilla/5.0 (Macintosh; Intel Mac OS X 10_14_4) AppleWebKit/537.36 (KHTML, like Gecko) Chrome/74.0.3729.131 Safari/537.36
::1 - Fri May 10 2019 17:19:48 GMT+0530 (IST) - GET /javascripts/respond.matchmedia.addListener.min.js HTTP/1.1 304 - - 1 http://localhost:3000/ Mozilla/5.0 (Macintosh; Intel Mac OS X 10_14_4) AppleWebKit/537.36 (KHTML, like Gecko) Chrome/74.0.3729.131 Safari/537.36
::1 - Fri May 10 2019 17:20:34 GMT+0530 (IST) - GET / HTTP/1.1 500 35 - 10 - Mozilla/5.0 (Macintosh; Intel Mac OS X 10_14_4) AppleWebKit/537.36 (KHTML, like Gecko) Chrome/74.0.3729.131 Safari/537.36
::1 - Fri May 10 2019 17:21:43 GMT+0530 (IST) - GET / HTTP/1.1 500 35 - 7 - Mozilla/5.0 (Macintosh; Intel Mac OS X 10_14_4) AppleWebKit/537.36 (KHTML, like Gecko) Chrome/74.0.3729.131 Safari/537.36
::1 - Fri May 10 2019 17:22:44 GMT+0530 (IST) - GET / HTTP/1.1 200 682 - 32 - Mozilla/5.0 (Macintosh; Intel Mac OS X 10_14_4) AppleWebKit/537.36 (KHTML, like Gecko) Chrome/74.0.3729.131 Safari/537.36
::1 - Fri May 10 2019 17:22:44 GMT+0530 (IST) - GET /stylesheets/style.css HTTP/1.1 304 - - 6 http://localhost:3000/ Mozilla/5.0 (Macintosh; Intel Mac OS X 10_14_4) AppleWebKit/537.36 (KHTML, like Gecko) Chrome/74.0.3729.131 Safari/537.36
::1 - Fri May 10 2019 17:22:44 GMT+0530 (IST) - GET /javascripts/html5shiv.min.js HTTP/1.1 304 - - 6 http://localhost:3000/ Mozilla/5.0 (Macintosh; Intel Mac OS X 10_14_4) AppleWebKit/537.36 (KHTML, like Gecko) Chrome/74.0.3729.131 Safari/537.36
::1 - Fri May 10 2019 17:22:44 GMT+0530 (IST) - GET /javascripts/html5shiv-printshiv.min.js HTTP/1.1 304 - - 4 http://localhost:3000/ Mozilla/5.0 (Macintosh; Intel Mac OS X 10_14_4) AppleWebKit/537.36 (KHTML, like Gecko) Chrome/74.0.3729.131 Safari/537.36
::1 - Fri May 10 2019 17:22:44 GMT+0530 (IST) - GET /javascripts/respond.min.js HTTP/1.1 304 - - 3 http://localhost:3000/ Mozilla/5.0 (Macintosh; Intel Mac OS X 10_14_4) AppleWebKit/537.36 (KHTML, like Gecko) Chrome/74.0.3729.131 Safari/537.36
::1 - Fri May 10 2019 17:22:44 GMT+0530 (IST) - GET /javascripts/respond.matchmedia.addListener.min.js HTTP/1.1 304 - - 3 http://localhost:3000/ Mozilla/5.0 (Macintosh; Intel Mac OS X 10_14_4) AppleWebKit/537.36 (KHTML, like Gecko) Chrome/74.0.3729.131 Safari/537.36
::1 - Fri May 10 2019 17:23:41 GMT+0530 (IST) - GET / HTTP/1.1 500 35 - 7 - Mozilla/5.0 (Macintosh; Intel Mac OS X 10_14_4) AppleWebKit/537.36 (KHTML, like Gecko) Chrome/74.0.3729.131 Safari/537.36
::1 - Fri May 10 2019 17:23:48 GMT+0530 (IST) - GET / HTTP/1.1 500 35 - 2 - Mozilla/5.0 (Macintosh; Intel Mac OS X 10_14_4) AppleWebKit/537.36 (KHTML, like Gecko) Chrome/74.0.3729.131 Safari/537.36
::1 - Fri May 10 2019 17:27:30 GMT+0530 (IST) - GET / HTTP/1.1 500 35 - 7 - Mozilla/5.0 (Macintosh; Intel Mac OS X 10_14_4) AppleWebKit/537.36 (KHTML, like Gecko) Chrome/74.0.3729.131 Safari/537.36
::1 - Fri May 10 2019 17:28:47 GMT+0530 (IST) - GET / HTTP/1.1 500 35 - 12 - Mozilla/5.0 (Macintosh; Intel Mac OS X 10_14_4) AppleWebKit/537.36 (KHTML, like Gecko) Chrome/74.0.3729.131 Safari/537.36
::1 - Fri May 10 2019 17:29:13 GMT+0530 (IST) - GET / HTTP/1.1 500 - - 17 - Mozilla/5.0 (Macintosh; Intel Mac OS X 10_14_4) AppleWebKit/537.36 (KHTML, like Gecko) Chrome/74.0.3729.131 Safari/537.36
::1 - Fri May 10 2019 17:29:38 GMT+0530 (IST) - GET / HTTP/1.1 500 - - 19 - Mozilla/5.0 (Macintosh; Intel Mac OS X 10_14_4) AppleWebKit/537.36 (KHTML, like Gecko) Chrome/74.0.3729.131 Safari/537.36
::1 - Fri May 10 2019 17:32:08 GMT+0530 (IST) - GET / HTTP/1.1 500 - - 14 - Mozilla/5.0 (Macintosh; Intel Mac OS X 10_14_4) AppleWebKit/537.36 (KHTML, like Gecko) Chrome/74.0.3729.131 Safari/537.36
::1 - Fri May 10 2019 17:35:28 GMT+0530 (IST) - GET / HTTP/1.1 500 - - 14 - Mozilla/5.0 (Macintosh; Intel Mac OS X 10_14_4) AppleWebKit/537.36 (KHTML, like Gecko) Chrome/74.0.3729.131 Safari/537.36
::1 - Fri May 10 2019 17:37:25 GMT+0530 (IST) - GET / HTTP/1.1 500 - - 14 - Mozilla/5.0 (Macintosh; Intel Mac OS X 10_14_4) AppleWebKit/537.36 (KHTML, like Gecko) Chrome/74.0.3729.131 Safari/537.36
::1 - Fri May 10 2019 17:38:11 GMT+0530 (IST) - GET / HTTP/1.1 200 706 - 33 - Mozilla/5.0 (Macintosh; Intel Mac OS X 10_14_4) AppleWebKit/537.36 (KHTML, like Gecko) Chrome/74.0.3729.131 Safari/537.36
::1 - Fri May 10 2019 17:38:11 GMT+0530 (IST) - GET /stylesheets/style.css HTTP/1.1 304 - - 4 http://localhost:3000/ Mozilla/5.0 (Macintosh; Intel Mac OS X 10_14_4) AppleWebKit/537.36 (KHTML, like Gecko) Chrome/74.0.3729.131 Safari/537.36
::1 - Fri May 10 2019 17:38:11 GMT+0530 (IST) - GET /javascripts/html5shiv.min.js HTTP/1.1 304 - - 4 http://localhost:3000/ Mozilla/5.0 (Macintosh; Intel Mac OS X 10_14_4) AppleWebKit/537.36 (KHTML, like Gecko) Chrome/74.0.3729.131 Safari/537.36
::1 - Fri May 10 2019 17:38:11 GMT+0530 (IST) - GET /javascripts/html5shiv-printshiv.min.js HTTP/1.1 304 - - 2 http://localhost:3000/ Mozilla/5.0 (Macintosh; Intel Mac OS X 10_14_4) AppleWebKit/537.36 (KHTML, like Gecko) Chrome/74.0.3729.131 Safari/537.36
::1 - Fri May 10 2019 17:38:11 GMT+0530 (IST) - GET /javascripts/respond.min.js HTTP/1.1 304 - - 1 http://localhost:3000/ Mozilla/5.0 (Macintosh; Intel Mac OS X 10_14_4) AppleWebKit/537.36 (KHTML, like Gecko) Chrome/74.0.3729.131 Safari/537.36
::1 - Fri May 10 2019 17:38:11 GMT+0530 (IST) - GET /javascripts/respond.matchmedia.addListener.min.js HTTP/1.1 304 - - 1 http://localhost:3000/ Mozilla/5.0 (Macintosh; Intel Mac OS X 10_14_4) AppleWebKit/537.36 (KHTML, like Gecko) Chrome/74.0.3729.131 Safari/537.36
::1 - Fri May 10 2019 17:38:34 GMT+0530 (IST) - GET / HTTP/1.1 200 685 - 31 - Mozilla/5.0 (Macintosh; Intel Mac OS X 10_14_4) AppleWebKit/537.36 (KHTML, like Gecko) Chrome/74.0.3729.131 Safari/537.36
::1 - Fri May 10 2019 17:38:34 GMT+0530 (IST) - GET /stylesheets/style.css HTTP/1.1 304 - - 6 http://localhost:3000/ Mozilla/5.0 (Macintosh; Intel Mac OS X 10_14_4) AppleWebKit/537.36 (KHTML, like Gecko) Chrome/74.0.3729.131 Safari/537.36
::1 - Fri May 10 2019 17:38:34 GMT+0530 (IST) - GET /javascripts/html5shiv.min.js HTTP/1.1 304 - - 5 http://localhost:3000/ Mozilla/5.0 (Macintosh; Intel Mac OS X 10_14_4) AppleWebKit/537.36 (KHTML, like Gecko) Chrome/74.0.3729.131 Safari/537.36
::1 - Fri May 10 2019 17:38:34 GMT+0530 (IST) - GET /javascripts/html5shiv-printshiv.min.js HTTP/1.1 304 - - 3 http://localhost:3000/ Mozilla/5.0 (Macintosh; Intel Mac OS X 10_14_4) AppleWebKit/537.36 (KHTML, like Gecko) Chrome/74.0.3729.131 Safari/537.36
::1 - Fri May 10 2019 17:38:34 GMT+0530 (IST) - GET /javascripts/respond.min.js HTTP/1.1 304 - - 2 http://localhost:3000/ Mozilla/5.0 (Macintosh; Intel Mac OS X 10_14_4) AppleWebKit/537.36 (KHTML, like Gecko) Chrome/74.0.3729.131 Safari/537.36
::1 - Fri May 10 2019 17:38:34 GMT+0530 (IST) - GET /javascripts/respond.matchmedia.addListener.min.js HTTP/1.1 304 - - 2 http://localhost:3000/ Mozilla/5.0 (Macintosh; Intel Mac OS X 10_14_4) AppleWebKit/537.36 (KHTML, like Gecko) Chrome/74.0.3729.131 Safari/537.36
::1 - Fri May 10 2019 17:39:44 GMT+0530 (IST) - GET / HTTP/1.1 500 - - 15 - Mozilla/5.0 (Macintosh; Intel Mac OS X 10_14_4) AppleWebKit/537.36 (KHTML, like Gecko) Chrome/74.0.3729.131 Safari/537.36
::1 - Fri May 10 2019 17:40:25 GMT+0530 (IST) - GET / HTTP/1.1 500 - - 16 - Mozilla/5.0 (Macintosh; Intel Mac OS X 10_14_4) AppleWebKit/537.36 (KHTML, like Gecko) Chrome/74.0.3729.131 Safari/537.36
::1 - Fri May 10 2019 17:41:33 GMT+0530 (IST) - GET / HTTP/1.1 200 682 - 31 - Mozilla/5.0 (Macintosh; Intel Mac OS X 10_14_4) AppleWebKit/537.36 (KHTML, like Gecko) Chrome/74.0.3729.131 Safari/537.36
::1 - Fri May 10 2019 17:41:33 GMT+0530 (IST) - GET /stylesheets/style.css HTTP/1.1 304 - - 6 http://localhost:3000/ Mozilla/5.0 (Macintosh; Intel Mac OS X 10_14_4) AppleWebKit/537.36 (KHTML, like Gecko) Chrome/74.0.3729.131 Safari/537.36
::1 - Fri May 10 2019 17:41:33 GMT+0530 (IST) - GET /javascripts/html5shiv.min.js HTTP/1.1 304 - - 5 http://localhost:3000/ Mozilla/5.0 (Macintosh; Intel Mac OS X 10_14_4) AppleWebKit/537.36 (KHTML, like Gecko) Chrome/74.0.3729.131 Safari/537.36
::1 - Fri May 10 2019 17:41:33 GMT+0530 (IST) - GET /javascripts/html5shiv-printshiv.min.js HTTP/1.1 304 - - 2 http://localhost:3000/ Mozilla/5.0 (Macintosh; Intel Mac OS X 10_14_4) AppleWebKit/537.36 (KHTML, like Gecko) Chrome/74.0.3729.131 Safari/537.36
::1 - Fri May 10 2019 17:41:33 GMT+0530 (IST) - GET /javascripts/respond.min.js HTTP/1.1 304 - - 2 http://localhost:3000/ Mozilla/5.0 (Macintosh; Intel Mac OS X 10_14_4) AppleWebKit/537.36 (KHTML, like Gecko) Chrome/74.0.3729.131 Safari/537.36
::1 - Fri May 10 2019 17:41:33 GMT+0530 (IST) - GET /javascripts/respond.matchmedia.addListener.min.js HTTP/1.1 304 - - 1 http://localhost:3000/ Mozilla/5.0 (Macintosh; Intel Mac OS X 10_14_4) AppleWebKit/537.36 (KHTML, like Gecko) Chrome/74.0.3729.131 Safari/537.36
::1 - Fri May 10 2019 17:42:04 GMT+0530 (IST) - GET / HTTP/1.1 304 - - 8 - Mozilla/5.0 (Macintosh; Intel Mac OS X 10_14_4) AppleWebKit/537.36 (KHTML, like Gecko) Chrome/74.0.3729.131 Safari/537.36
::1 - Fri May 10 2019 17:42:04 GMT+0530 (IST) - GET /stylesheets/style.css HTTP/1.1 304 - - 5 http://localhost:3000/ Mozilla/5.0 (Macintosh; Intel Mac OS X 10_14_4) AppleWebKit/537.36 (KHTML, like Gecko) Chrome/74.0.3729.131 Safari/537.36
::1 - Fri May 10 2019 17:42:04 GMT+0530 (IST) - GET /javascripts/html5shiv.min.js HTTP/1.1 304 - - 7 http://localhost:3000/ Mozilla/5.0 (Macintosh; Intel Mac OS X 10_14_4) AppleWebKit/537.36 (KHTML, like Gecko) Chrome/74.0.3729.131 Safari/537.36
::1 - Fri May 10 2019 17:42:04 GMT+0530 (IST) - GET /javascripts/html5shiv-printshiv.min.js HTTP/1.1 304 - - 6 http://localhost:3000/ Mozilla/5.0 (Macintosh; Intel Mac OS X 10_14_4) AppleWebKit/537.36 (KHTML, like Gecko) Chrome/74.0.3729.131 Safari/537.36
::1 - Fri May 10 2019 17:42:04 GMT+0530 (IST) - GET /javascripts/respond.min.js HTTP/1.1 304 - - 4 http://localhost:3000/ Mozilla/5.0 (Macintosh; Intel Mac OS X 10_14_4) AppleWebKit/537.36 (KHTML, like Gecko) Chrome/74.0.3729.131 Safari/537.36
::1 - Fri May 10 2019 17:42:04 GMT+0530 (IST) - GET /javascripts/respond.matchmedia.addListener.min.js HTTP/1.1 304 - - 4 http://localhost:3000/ Mozilla/5.0 (Macintosh; Intel Mac OS X 10_14_4) AppleWebKit/537.36 (KHTML, like Gecko) Chrome/74.0.3729.131 Safari/537.36
::1 - Fri May 10 2019 17:42:16 GMT+0530 (IST) - GET / HTTP/1.1 500 - - 13 - Mozilla/5.0 (Macintosh; Intel Mac OS X 10_14_4) AppleWebKit/537.36 (KHTML, like Gecko) Chrome/74.0.3729.131 Safari/537.36
::1 - Fri May 10 2019 17:43:50 GMT+0530 (IST) - GET / HTTP/1.1 200 682 - 30 - Mozilla/5.0 (Macintosh; Intel Mac OS X 10_14_4) AppleWebKit/537.36 (KHTML, like Gecko) Chrome/74.0.3729.131 Safari/537.36
::1 - Fri May 10 2019 17:43:50 GMT+0530 (IST) - GET /stylesheets/style.css HTTP/1.1 304 - - 6 http://localhost:3000/ Mozilla/5.0 (Macintosh; Intel Mac OS X 10_14_4) AppleWebKit/537.36 (KHTML, like Gecko) Chrome/74.0.3729.131 Safari/537.36
::1 - Fri May 10 2019 17:43:50 GMT+0530 (IST) - GET /javascripts/html5shiv.min.js HTTP/1.1 304 - - 5 http://localhost:3000/ Mozilla/5.0 (Macintosh; Intel Mac OS X 10_14_4) AppleWebKit/537.36 (KHTML, like Gecko) Chrome/74.0.3729.131 Safari/537.36
::1 - Fri May 10 2019 17:43:50 GMT+0530 (IST) - GET /javascripts/html5shiv-printshiv.min.js HTTP/1.1 304 - - 2 http://localhost:3000/ Mozilla/5.0 (Macintosh; Intel Mac OS X 10_14_4) AppleWebKit/537.36 (KHTML, like Gecko) Chrome/74.0.3729.131 Safari/537.36
::1 - Fri May 10 2019 17:43:50 GMT+0530 (IST) - GET /javascripts/respond.min.js HTTP/1.1 304 - - 2 http://localhost:3000/ Mozilla/5.0 (Macintosh; Intel Mac OS X 10_14_4) AppleWebKit/537.36 (KHTML, like Gecko) Chrome/74.0.3729.131 Safari/537.36
::1 - Fri May 10 2019 17:43:50 GMT+0530 (IST) - GET /javascripts/respond.matchmedia.addListener.min.js HTTP/1.1 304 - - 3 http://localhost:3000/ Mozilla/5.0 (Macintosh; Intel Mac OS X 10_14_4) AppleWebKit/537.36 (KHTML, like Gecko) Chrome/74.0.3729.131 Safari/537.36
::1 - Fri May 10 2019 17:44:15 GMT+0530 (IST) - GET / HTTP/1.1 500 - - 14 - Mozilla/5.0 (Macintosh; Intel Mac OS X 10_14_4) AppleWebKit/537.36 (KHTML, like Gecko) Chrome/74.0.3729.131 Safari/537.36
::1 - Fri May 10 2019 17:44:32 GMT+0530 (IST) - GET / HTTP/1.1 500 - - 16 - Mozilla/5.0 (Macintosh; Intel Mac OS X 10_14_4) AppleWebKit/537.36 (KHTML, like Gecko) Chrome/74.0.3729.131 Safari/537.36
::1 - Fri May 10 2019 17:46:45 GMT+0530 (IST) - GET / HTTP/1.1 500 - - 15 - Mozilla/5.0 (Macintosh; Intel Mac OS X 10_14_4) AppleWebKit/537.36 (KHTML, like Gecko) Chrome/74.0.3729.131 Safari/537.36
::1 - Fri May 10 2019 17:46:54 GMT+0530 (IST) - GET / HTTP/1.1 500 - - 14 - Mozilla/5.0 (Macintosh; Intel Mac OS X 10_14_4) AppleWebKit/537.36 (KHTML, like Gecko) Chrome/74.0.3729.131 Safari/537.36
::1 - Fri May 10 2019 17:47:05 GMT+0530 (IST) - GET / HTTP/1.1 500 - - 2 - Mozilla/5.0 (Macintosh; Intel Mac OS X 10_14_4) AppleWebKit/537.36 (KHTML, like Gecko) Chrome/74.0.3729.131 Safari/537.36
::1 - Fri May 10 2019 19:26:20 GMT+0530 (IST) - GET / HTTP/1.1 500 35 - 8 - Mozilla/5.0 (Macintosh; Intel Mac OS X 10_14_4) AppleWebKit/537.36 (KHTML, like Gecko) Chrome/74.0.3729.131 Safari/537.36
::1 - Fri May 10 2019 19:27:10 GMT+0530 (IST) - GET / HTTP/1.1 500 35 - 15 - Mozilla/5.0 (Macintosh; Intel Mac OS X 10_14_4) AppleWebKit/537.36 (KHTML, like Gecko) Chrome/74.0.3729.131 Safari/537.36
::1 - Fri May 10 2019 19:29:12 GMT+0530 (IST) - GET / HTTP/1.1 200 682 - 38 - Mozilla/5.0 (Macintosh; Intel Mac OS X 10_14_4) AppleWebKit/537.36 (KHTML, like Gecko) Chrome/74.0.3729.131 Safari/537.36
::1 - Fri May 10 2019 19:29:12 GMT+0530 (IST) - GET /stylesheets/style.css HTTP/1.1 200 111 - 15 http://localhost:3000/ Mozilla/5.0 (Macintosh; Intel Mac OS X 10_14_4) AppleWebKit/537.36 (KHTML, like Gecko) Chrome/74.0.3729.131 Safari/537.36
::1 - Fri May 10 2019 19:29:12 GMT+0530 (IST) - GET /javascripts/html5shiv.min.js HTTP/1.1 200 - - 18 http://localhost:3000/ Mozilla/5.0 (Macintosh; Intel Mac OS X 10_14_4) AppleWebKit/537.36 (KHTML, like Gecko) Chrome/74.0.3729.131 Safari/537.36
::1 - Fri May 10 2019 19:29:12 GMT+0530 (IST) - GET /javascripts/html5shiv-printshiv.min.js HTTP/1.1 200 - - 18 http://localhost:3000/ Mozilla/5.0 (Macintosh; Intel Mac OS X 10_14_4) AppleWebKit/537.36 (KHTML, like Gecko) Chrome/74.0.3729.131 Safari/537.36
::1 - Fri May 10 2019 19:29:12 GMT+0530 (IST) - GET /javascripts/respond.min.js HTTP/1.1 200 - - 18 http://localhost:3000/ Mozilla/5.0 (Macintosh; Intel Mac OS X 10_14_4) AppleWebKit/537.36 (KHTML, like Gecko) Chrome/74.0.3729.131 Safari/537.36
::1 - Fri May 10 2019 19:29:12 GMT+0530 (IST) - GET /javascripts/respond.matchmedia.addListener.min.js HTTP/1.1 200 - - 7 http://localhost:3000/ Mozilla/5.0 (Macintosh; Intel Mac OS X 10_14_4) AppleWebKit/537.36 (KHTML, like Gecko) Chrome/74.0.3729.131 Safari/537.36
::1 - Fri May 10 2019 19:29:20 GMT+0530 (IST) - GET /users HTTP/1.1 500 35 - 6 - Mozilla/5.0 (Macintosh; Intel Mac OS X 10_14_4) AppleWebKit/537.36 (KHTML, like Gecko) Chrome/74.0.3729.131 Safari/537.36
::1 - Fri May 10 2019 19:31:14 GMT+0530 (IST) - GET / HTTP/1.1 304 - - 34 - Mozilla/5.0 (Macintosh; Intel Mac OS X 10_14_4) AppleWebKit/537.36 (KHTML, like Gecko) Chrome/74.0.3729.131 Safari/537.36
::1 - Fri May 10 2019 19:31:14 GMT+0530 (IST) - GET /stylesheets/style.css HTTP/1.1 304 - - 4 http://localhost:3000/ Mozilla/5.0 (Macintosh; Intel Mac OS X 10_14_4) AppleWebKit/537.36 (KHTML, like Gecko) Chrome/74.0.3729.131 Safari/537.36
::1 - Fri May 10 2019 19:31:14 GMT+0530 (IST) - GET /javascripts/html5shiv.min.js HTTP/1.1 304 - - 4 http://localhost:3000/ Mozilla/5.0 (Macintosh; Intel Mac OS X 10_14_4) AppleWebKit/537.36 (KHTML, like Gecko) Chrome/74.0.3729.131 Safari/537.36
::1 - Fri May 10 2019 19:31:14 GMT+0530 (IST) - GET /javascripts/html5shiv-printshiv.min.js HTTP/1.1 304 - - 2 http://localhost:3000/ Mozilla/5.0 (Macintosh; Intel Mac OS X 10_14_4) AppleWebKit/537.36 (KHTML, like Gecko) Chrome/74.0.3729.131 Safari/537.36
::1 - Fri May 10 2019 19:31:14 GMT+0530 (IST) - GET /javascripts/respond.min.js HTTP/1.1 304 - - 1 http://localhost:3000/ Mozilla/5.0 (Macintosh; Intel Mac OS X 10_14_4) AppleWebKit/537.36 (KHTML, like Gecko) Chrome/74.0.3729.131 Safari/537.36
::1 - Fri May 10 2019 19:31:14 GMT+0530 (IST) - GET /javascripts/respond.matchmedia.addListener.min.js HTTP/1.1 304 - - 1 http://localhost:3000/ Mozilla/5.0 (Macintosh; Intel Mac OS X 10_14_4) AppleWebKit/537.36 (KHTML, like Gecko) Chrome/74.0.3729.131 Safari/537.36
::1 - Fri May 10 2019 20:26:43 GMT+0530 (IST) - GET / HTTP/1.1 304 - - 12 - Mozilla/5.0 (Macintosh; Intel Mac OS X 10_14_4) AppleWebKit/537.36 (KHTML, like Gecko) Chrome/74.0.3729.131 Safari/537.36
::1 - Fri May 10 2019 20:26:43 GMT+0530 (IST) - GET /stylesheets/style.css HTTP/1.1 304 - - 4 http://localhost:3000/ Mozilla/5.0 (Macintosh; Intel Mac OS X 10_14_4) AppleWebKit/537.36 (KHTML, like Gecko) Chrome/74.0.3729.131 Safari/537.36
::1 - Fri May 10 2019 20:26:43 GMT+0530 (IST) - GET /javascripts/html5shiv.min.js HTTP/1.1 304 - - 3 http://localhost:3000/ Mozilla/5.0 (Macintosh; Intel Mac OS X 10_14_4) AppleWebKit/537.36 (KHTML, like Gecko) Chrome/74.0.3729.131 Safari/537.36
::1 - Fri May 10 2019 20:26:43 GMT+0530 (IST) - GET /javascripts/respond.matchmedia.addListener.min.js HTTP/1.1 304 - - 10 http://localhost:3000/ Mozilla/5.0 (Macintosh; Intel Mac OS X 10_14_4) AppleWebKit/537.36 (KHTML, like Gecko) Chrome/74.0.3729.131 Safari/537.36
::1 - Fri May 10 2019 20:26:43 GMT+0530 (IST) - GET /javascripts/html5shiv-printshiv.min.js HTTP/1.1 304 - - 12 http://localhost:3000/ Mozilla/5.0 (Macintosh; Intel Mac OS X 10_14_4) AppleWebKit/537.36 (KHTML, like Gecko) Chrome/74.0.3729.131 Safari/537.36
::1 - Fri May 10 2019 20:26:43 GMT+0530 (IST) - GET /javascripts/respond.min.js HTTP/1.1 304 - - 17 http://localhost:3000/ Mozilla/5.0 (Macintosh; Intel Mac OS X 10_14_4) AppleWebKit/537.36 (KHTML, like Gecko) Chrome/74.0.3729.131 Safari/537.36
::1 - Fri May 10 2019 20:26:58 GMT+0530 (IST) - GET /users HTTP/1.1 500 35 - 5 - Mozilla/5.0 (Macintosh; Intel Mac OS X 10_14_4) AppleWebKit/537.36 (KHTML, like Gecko) Chrome/74.0.3729.131 Safari/537.36
::1 - Fri May 10 2019 20:27:12 GMT+0530 (IST) - GET /users HTTP/1.1 500 35 - 2 - Mozilla/5.0 (Macintosh; Intel Mac OS X 10_14_4) AppleWebKit/537.36 (KHTML, like Gecko) Chrome/74.0.3729.131 Safari/537.36
::1 - Fri May 10 2019 20:27:18 GMT+0530 (IST) - GET / HTTP/1.1 304 - - 14 - Mozilla/5.0 (Macintosh; Intel Mac OS X 10_14_4) AppleWebKit/537.36 (KHTML, like Gecko) Chrome/74.0.3729.131 Safari/537.36
::1 - Fri May 10 2019 20:27:18 GMT+0530 (IST) - GET /stylesheets/style.css HTTP/1.1 304 - - 2 http://localhost:3000/ Mozilla/5.0 (Macintosh; Intel Mac OS X 10_14_4) AppleWebKit/537.36 (KHTML, like Gecko) Chrome/74.0.3729.131 Safari/537.36
::1 - Fri May 10 2019 20:27:18 GMT+0530 (IST) - GET /javascripts/html5shiv.min.js HTTP/1.1 304 - - 3 http://localhost:3000/ Mozilla/5.0 (Macintosh; Intel Mac OS X 10_14_4) AppleWebKit/537.36 (KHTML, like Gecko) Chrome/74.0.3729.131 Safari/537.36
::1 - Fri May 10 2019 20:27:18 GMT+0530 (IST) - GET /javascripts/respond.min.js HTTP/1.1 304 - - 1 http://localhost:3000/ Mozilla/5.0 (Macintosh; Intel Mac OS X 10_14_4) AppleWebKit/537.36 (KHTML, like Gecko) Chrome/74.0.3729.131 Safari/537.36
::1 - Fri May 10 2019 20:27:18 GMT+0530 (IST) - GET /javascripts/html5shiv-printshiv.min.js HTTP/1.1 304 - - 5 http://localhost:3000/ Mozilla/5.0 (Macintosh; Intel Mac OS X 10_14_4) AppleWebKit/537.36 (KHTML, like Gecko) Chrome/74.0.3729.131 Safari/537.36
::1 - Fri May 10 2019 20:27:18 GMT+0530 (IST) - GET /javascripts/respond.matchmedia.addListener.min.js HTTP/1.1 304 - - 3 http://localhost:3000/ Mozilla/5.0 (Macintosh; Intel Mac OS X 10_14_4) AppleWebKit/537.36 (KHTML, like Gecko) Chrome/74.0.3729.131 Safari/537.36
::1 - Fri May 10 2019 20:27:24 GMT+0530 (IST) - GET / HTTP/1.1 304 - - 5 - Mozilla/5.0 (Macintosh; Intel Mac OS X 10_14_4) AppleWebKit/537.36 (KHTML, like Gecko) Chrome/74.0.3729.131 Safari/537.36
::1 - Fri May 10 2019 20:27:24 GMT+0530 (IST) - GET /stylesheets/style.css HTTP/1.1 304 - - 2 http://localhost:3000/ Mozilla/5.0 (Macintosh; Intel Mac OS X 10_14_4) AppleWebKit/537.36 (KHTML, like Gecko) Chrome/74.0.3729.131 Safari/537.36
::1 - Fri May 10 2019 20:27:24 GMT+0530 (IST) - GET /javascripts/html5shiv.min.js HTTP/1.1 304 - - 2 http://localhost:3000/ Mozilla/5.0 (Macintosh; Intel Mac OS X 10_14_4) AppleWebKit/537.36 (KHTML, like Gecko) Chrome/74.0.3729.131 Safari/537.36
::1 - Fri May 10 2019 20:27:24 GMT+0530 (IST) - GET /javascripts/html5shiv-printshiv.min.js HTTP/1.1 304 - - 5 http://localhost:3000/ Mozilla/5.0 (Macintosh; Intel Mac OS X 10_14_4) AppleWebKit/537.36 (KHTML, like Gecko) Chrome/74.0.3729.131 Safari/537.36
::1 - Fri May 10 2019 20:27:24 GMT+0530 (IST) - GET /javascripts/respond.min.js HTTP/1.1 304 - - 3 http://localhost:3000/ Mozilla/5.0 (Macintosh; Intel Mac OS X 10_14_4) AppleWebKit/537.36 (KHTML, like Gecko) Chrome/74.0.3729.131 Safari/537.36
::1 - Fri May 10 2019 20:27:24 GMT+0530 (IST) - GET /javascripts/respond.matchmedia.addListener.min.js HTTP/1.1 304 - - 2 http://localhost:3000/ Mozilla/5.0 (Macintosh; Intel Mac OS X 10_14_4) AppleWebKit/537.36 (KHTML, like Gecko) Chrome/74.0.3729.131 Safari/537.36
::1 - Fri May 10 2019 20:29:31 GMT+0530 (IST) - GET / HTTP/1.1 304 - - 31 - Mozilla/5.0 (Macintosh; Intel Mac OS X 10_14_4) AppleWebKit/537.36 (KHTML, like Gecko) Chrome/74.0.3729.131 Safari/537.36
::1 - Fri May 10 2019 20:29:31 GMT+0530 (IST) - GET /stylesheets/style.css HTTP/1.1 304 - - 6 http://localhost:3000/ Mozilla/5.0 (Macintosh; Intel Mac OS X 10_14_4) AppleWebKit/537.36 (KHTML, like Gecko) Chrome/74.0.3729.131 Safari/537.36
::1 - Fri May 10 2019 20:29:31 GMT+0530 (IST) - GET /javascripts/html5shiv.min.js HTTP/1.1 304 - - 6 http://localhost:3000/ Mozilla/5.0 (Macintosh; Intel Mac OS X 10_14_4) AppleWebKit/537.36 (KHTML, like Gecko) Chrome/74.0.3729.131 Safari/537.36
::1 - Fri May 10 2019 20:29:31 GMT+0530 (IST) - GET /javascripts/html5shiv-printshiv.min.js HTTP/1.1 304 - - 2 http://localhost:3000/ Mozilla/5.0 (Macintosh; Intel Mac OS X 10_14_4) AppleWebKit/537.36 (KHTML, like Gecko) Chrome/74.0.3729.131 Safari/537.36
::1 - Fri May 10 2019 20:29:31 GMT+0530 (IST) - GET /javascripts/respond.min.js HTTP/1.1 304 - - 3 http://localhost:3000/ Mozilla/5.0 (Macintosh; Intel Mac OS X 10_14_4) AppleWebKit/537.36 (KHTML, like Gecko) Chrome/74.0.3729.131 Safari/537.36
::1 - Fri May 10 2019 20:29:31 GMT+0530 (IST) - GET /javascripts/respond.matchmedia.addListener.min.js HTTP/1.1 304 - - 2 http://localhost:3000/ Mozilla/5.0 (Macintosh; Intel Mac OS X 10_14_4) AppleWebKit/537.36 (KHTML, like Gecko) Chrome/74.0.3729.131 Safari/537.36
::1 - Fri May 10 2019 20:30:07 GMT+0530 (IST) - GET /users HTTP/1.1 200 682 - 43 - Mozilla/5.0 (Macintosh; Intel Mac OS X 10_14_4) AppleWebKit/537.36 (KHTML, like Gecko) Chrome/74.0.3729.131 Safari/537.36
::1 - Fri May 10 2019 20:30:07 GMT+0530 (IST) - GET /stylesheets/style.css HTTP/1.1 304 - - 6 http://localhost:3000/users Mozilla/5.0 (Macintosh; Intel Mac OS X 10_14_4) AppleWebKit/537.36 (KHTML, like Gecko) Chrome/74.0.3729.131 Safari/537.36
::1 - Fri May 10 2019 20:30:07 GMT+0530 (IST) - GET /javascripts/html5shiv.min.js HTTP/1.1 304 - - 7 http://localhost:3000/users Mozilla/5.0 (Macintosh; Intel Mac OS X 10_14_4) AppleWebKit/537.36 (KHTML, like Gecko) Chrome/74.0.3729.131 Safari/537.36
::1 - Fri May 10 2019 20:30:07 GMT+0530 (IST) - GET /javascripts/html5shiv-printshiv.min.js HTTP/1.1 304 - - 2 http://localhost:3000/users Mozilla/5.0 (Macintosh; Intel Mac OS X 10_14_4) AppleWebKit/537.36 (KHTML, like Gecko) Chrome/74.0.3729.131 Safari/537.36
::1 - Fri May 10 2019 20:30:07 GMT+0530 (IST) - GET /javascripts/respond.min.js HTTP/1.1 304 - - 1 http://localhost:3000/users Mozilla/5.0 (Macintosh; Intel Mac OS X 10_14_4) AppleWebKit/537.36 (KHTML, like Gecko) Chrome/74.0.3729.131 Safari/537.36
::1 - Fri May 10 2019 20:30:07 GMT+0530 (IST) - GET /javascripts/respond.matchmedia.addListener.min.js HTTP/1.1 304 - - 1 http://localhost:3000/users Mozilla/5.0 (Macintosh; Intel Mac OS X 10_14_4) AppleWebKit/537.36 (KHTML, like Gecko) Chrome/74.0.3729.131 Safari/537.36
::1 - Fri May 10 2019 20:31:08 GMT+0530 (IST) - GET / HTTP/1.1 200 754 - 34 - Mozilla/5.0 (Macintosh; Intel Mac OS X 10_14_4) AppleWebKit/537.36 (KHTML, like Gecko) Chrome/74.0.3729.131 Safari/537.36
::1 - Fri May 10 2019 20:31:08 GMT+0530 (IST) - GET /stylesheets/style.css HTTP/1.1 304 - - 5 http://localhost:3000/ Mozilla/5.0 (Macintosh; Intel Mac OS X 10_14_4) AppleWebKit/537.36 (KHTML, like Gecko) Chrome/74.0.3729.131 Safari/537.36
::1 - Fri May 10 2019 20:31:08 GMT+0530 (IST) - GET /javascripts/html5shiv.min.js HTTP/1.1 304 - - 8 http://localhost:3000/ Mozilla/5.0 (Macintosh; Intel Mac OS X 10_14_4) AppleWebKit/537.36 (KHTML, like Gecko) Chrome/74.0.3729.131 Safari/537.36
::1 - Fri May 10 2019 20:31:08 GMT+0530 (IST) - GET /javascripts/html5shiv-printshiv.min.js HTTP/1.1 304 - - 2 http://localhost:3000/ Mozilla/5.0 (Macintosh; Intel Mac OS X 10_14_4) AppleWebKit/537.36 (KHTML, like Gecko) Chrome/74.0.3729.131 Safari/537.36
::1 - Fri May 10 2019 20:31:08 GMT+0530 (IST) - GET /javascripts/respond.min.js HTTP/1.1 304 - - 1 http://localhost:3000/ Mozilla/5.0 (Macintosh; Intel Mac OS X 10_14_4) AppleWebKit/537.36 (KHTML, like Gecko) Chrome/74.0.3729.131 Safari/537.36
::1 - Fri May 10 2019 20:31:08 GMT+0530 (IST) - GET /javascripts/respond.matchmedia.addListener.min.js HTTP/1.1 304 - - 0 http://localhost:3000/ Mozilla/5.0 (Macintosh; Intel Mac OS X 10_14_4) AppleWebKit/537.36 (KHTML, like Gecko) Chrome/74.0.3729.131 Safari/537.36
::1 - Fri May 10 2019 21:02:09 GMT+0530 (India Standard Time) - GET / HTTP/1.1 200 754 - 25 - Mozilla/5.0 (X11; Linux x86_64) AppleWebKit/537.36 (KHTML, like Gecko) Chrome/73.0.3683.75 Safari/537.36
::1 - Fri May 10 2019 21:02:09 GMT+0530 (India Standard Time) - GET /stylesheets/style.css HTTP/1.1 200 111 - 11 http://localhost:3000/ Mozilla/5.0 (X11; Linux x86_64) AppleWebKit/537.36 (KHTML, like Gecko) Chrome/73.0.3683.75 Safari/537.36
::1 - Fri May 10 2019 21:02:09 GMT+0530 (India Standard Time) - GET /javascripts/html5shiv.min.js HTTP/1.1 200 - - 13 http://localhost:3000/ Mozilla/5.0 (X11; Linux x86_64) AppleWebKit/537.36 (KHTML, like Gecko) Chrome/73.0.3683.75 Safari/537.36
::1 - Fri May 10 2019 21:02:09 GMT+0530 (India Standard Time) - GET /javascripts/html5shiv-printshiv.min.js HTTP/1.1 200 - - 14 http://localhost:3000/ Mozilla/5.0 (X11; Linux x86_64) AppleWebKit/537.36 (KHTML, like Gecko) Chrome/73.0.3683.75 Safari/537.36
::1 - Fri May 10 2019 21:02:09 GMT+0530 (India Standard Time) - GET /javascripts/respond.min.js HTTP/1.1 200 - - 13 http://localhost:3000/ Mozilla/5.0 (X11; Linux x86_64) AppleWebKit/537.36 (KHTML, like Gecko) Chrome/73.0.3683.75 Safari/537.36
::1 - Fri May 10 2019 21:02:09 GMT+0530 (India Standard Time) - GET /javascripts/respond.matchmedia.addListener.min.js HTTP/1.1 200 - - 6 http://localhost:3000/ Mozilla/5.0 (X11; Linux x86_64) AppleWebKit/537.36 (KHTML, like Gecko) Chrome/73.0.3683.75 Safari/537.36
::1 - Fri May 10 2019 21:02:09 GMT+0530 (India Standard Time) - GET /ficon.ico HTTP/1.1 200 - - 1 http://localhost:3000/ Mozilla/5.0 (X11; Linux x86_64) AppleWebKit/537.36 (KHTML, like Gecko) Chrome/73.0.3683.75 Safari/537.36
